<?xml version="1.0" encoding="UTF-8"?>
<!-- Generated by org.testng.reporters.JUnitReportReporter -->
<testsuite hostname="Lab3-6" name="testcases.Recharge" tests="1" failures="0" timestamp="11 Jun 2016 07:45:43 GMT" time="0.015" errors="0">
  <testcase name="Hello" time="0.015" classname="testcases.Recharge"/>
</testsuite> <!-- testcases.Recharge -->
