<?xml version="1.0" encoding="UTF-8"?>
<!-- Generated by org.testng.reporters.JUnitReportReporter -->
<testsuite hostname="Lab3-6" name="testcases.TestCase" tests="4" failures="0" timestamp="11 Jun 2016 07:45:43 GMT" time="0.000" errors="0">
  <testcase name="Test1" time="0.000" classname="testcases.TestCase"/>
  <testcase name="Test4" time="0.000" classname="testcases.TestCase"/>
  <testcase name="Test2" time="0.000" classname="testcases.TestCase"/>
  <testcase name="Test3" time="0.000" classname="testcases.TestCase"/>
</testsuite> <!-- testcases.TestCase -->
